2022-09-04 13:20:48,348 DEBUG Horse: Создание Horse, имя [Буцефал], скорость [2.4]
2022-09-04 13:20:48,357 DEBUG Horse: Создание Horse, имя [Туз Пик], скорость [2.5]
2022-09-04 13:20:48,357 DEBUG Horse: Создание Horse, имя [Зефир], скорость [2.6]
2022-09-04 13:20:48,358 DEBUG Horse: Создание Horse, имя [Пожар], скорость [2.7]
2022-09-04 13:20:48,358 DEBUG Horse: Создание Horse, имя [Лобстер], скорость [2.8]
2022-09-04 13:20:48,358 DEBUG Horse: Создание Horse, имя [Пегас], скорость [2.9]
2022-09-04 13:20:48,359 DEBUG Horse: Создание Horse, имя [Вишня], скорость [3.0]
2022-09-04 13:20:48,362 DEBUG Hippodrome: Создание Hippodrome, лошадей [7]
2022-09-04 13:20:48,363 INFO Main: Начало скачек. Количество участников 7
2022-09-04 13:21:21,751 INFO Main: Окончание скачек. Победитель: Вишня
2022-09-04 13:25:15,156 DEBUG Horse: Создание Horse, имя [Буцефал], скорость [2.4]
2022-09-04 13:25:15,181 DEBUG Horse: Создание Horse, имя [Туз Пик], скорость [2.5]
2022-09-04 13:25:15,182 DEBUG Horse: Создание Horse, имя [Зефир], скорость [2.6]
2022-09-04 13:25:15,182 DEBUG Horse: Создание Horse, имя [Пожар], скорость [2.7]
2022-09-04 13:25:15,182 DEBUG Horse: Создание Horse, имя [Лобстер], скорость [2.8]
2022-09-04 13:25:15,182 DEBUG Horse: Создание Horse, имя [Пегас], скорость [2.9]
2022-09-04 13:25:15,182 DEBUG Horse: Создание Horse, имя [Вишня], скорость [3.0]
2022-09-04 13:25:15,184 DEBUG Hippodrome: Создание Hippodrome, лошадей [7]
2022-09-04 13:25:15,185 INFO Main: Начало скачек. Количество участников 7
2022-09-04 13:25:35,828 INFO Main: Окончание скачек. Победитель: Вишня
2022-09-04 13:26:45,332 DEBUG Horse: Создание Horse, имя [Буцефал], скорость [2.4]
2022-09-04 13:26:45,338 DEBUG Horse: Создание Horse, имя [Туз Пик], скорость [2.5]
2022-09-04 13:26:45,339 DEBUG Horse: Создание Horse, имя [Зефир], скорость [2.6]
2022-09-04 13:26:45,339 DEBUG Horse: Создание Horse, имя [Пожар], скорость [2.7]
2022-09-04 13:26:45,339 DEBUG Horse: Создание Horse, имя [Лобстер], скорость [2.8]
2022-09-04 13:26:45,339 DEBUG Horse: Создание Horse, имя [Пегас], скорость [2.9]
2022-09-04 13:26:45,340 DEBUG Horse: Создание Horse, имя [Вишня], скорость [3.0]
2022-09-04 13:26:45,341 DEBUG Hippodrome: Создание Hippodrome, лошадей [7]
2022-09-04 13:26:45,341 INFO Main: Начало скачек. Количество участников 7
2022-09-04 13:27:05,838 INFO Main: Окончание скачек. Победитель: Пегас
